{"uuid":"0671d16e-1520-47b9-ad63-af04a1e2d6f6","historyId":"762dfd515a9eb9e65cad589d9aa237db","fullName":"PositiveCase.RegisterAndLoginTest","labels":[{"name":"package","value":"PositiveCase"},{"name":"testClass","value":"PositiveCase"},{"name":"testMethod","value":"RegisterAndLoginTest"},{"name":"parentSuite","value":"Default Suite"},{"name":"suite","value":"QA-Selenium-Test-Automation-Project"},{"name":"subSuite","value":"PositiveCase"},{"name":"host","value":"BURAK"},{"name":"thread","value":"22680@BURAK.main(1)"},{"name":"framework","value":"testng"},{"name":"language","value":"java"}],"links":[],"name":"Başarılı kayıt işleminden sonra başarılı giriş kontrolü","status":"failed","statusDetails":{"known":false,"muted":false,"flaky":false,"message":"Form eksik ya da yanlış dolduruldu","trace":"java.lang.AssertionError: Form eksik ya da yanlış dolduruldu\r\n\tat org.testng.Assert.fail(Assert.java:111)\r\n\tat PositiveCase.RegisterAndLoginTest(PositiveCase.java:67)\r\n\tat java.base/jdk.internal.reflect.DirectMethodHandleAccessor.invoke(DirectMethodHandleAccessor.java:103)\r\n\tat java.base/java.lang.reflect.Method.invoke(Method.java:580)\r\n\tat org.testng.internal.invokers.MethodInvocationHelper.invokeMethod(MethodInvocationHelper.java:141)\r\n\tat org.testng.internal.invokers.TestInvoker.invokeMethod(TestInvoker.java:686)\r\n\tat org.testng.internal.invokers.TestInvoker.invokeTestMethod(TestInvoker.java:230)\r\n\tat org.testng.internal.invokers.MethodRunner.runInSequence(MethodRunner.java:63)\r\n\tat org.testng.internal.invokers.TestInvoker$MethodInvocationAgent.invoke(TestInvoker.java:992)\r\n\tat org.testng.internal.invokers.TestInvoker.invokeTestMethods(TestInvoker.java:203)\r\n\tat org.testng.internal.invokers.TestMethodWorker.invokeTestMethods(TestMethodWorker.java:154)\r\n\tat org.testng.internal.invokers.TestMethodWorker.run(TestMethodWorker.java:134)\r\n\tat java.base/java.util.ArrayList.forEach(ArrayList.java:1596)\r\n\tat org.testng.TestRunner.privateRun(TestRunner.java:739)\r\n\tat org.testng.TestRunner.run(TestRunner.java:614)\r\n\tat org.testng.SuiteRunner.runTest(SuiteRunner.java:421)\r\n\tat org.testng.SuiteRunner.runSequentially(SuiteRunner.java:413)\r\n\tat org.testng.SuiteRunner.privateRun(SuiteRunner.java:373)\r\n\tat org.testng.SuiteRunner.run(SuiteRunner.java:312)\r\n\tat org.testng.SuiteRunnerWorker.runSuite(SuiteRunnerWorker.java:52)\r\n\tat org.testng.SuiteRunnerWorker.run(SuiteRunnerWorker.java:95)\r\n\tat org.testng.TestNG.runSuitesSequentially(TestNG.java:1274)\r\n\tat org.testng.TestNG.runSuitesLocally(TestNG.java:1208)\r\n\tat org.testng.TestNG.runSuites(TestNG.java:1112)\r\n\tat org.testng.TestNG.run(TestNG.java:1079)\r\n\tat com.intellij.rt.testng.IDEARemoteTestNG.run(IDEARemoteTestNG.java:65)\r\n\tat com.intellij.rt.testng.RemoteTestNGStarter.main(RemoteTestNGStarter.java:105)\r\n"},"stage":"finished","steps":[{"name":"First name girildi","status":"passed","stage":"finished","steps":[],"attachments":[],"parameters":[{"name":"text","value":"Burak"}],"start":1741081637081,"stop":1741081637213},{"name":"Last name girildi","status":"passed","stage":"finished","steps":[],"attachments":[],"parameters":[{"name":"text","value":"Salça"}],"start":1741081637213,"stop":1741081637297},{"name":"Telefon için ülke kodu girildi","status":"passed","stage":"finished","steps":[],"attachments":[],"parameters":[{"name":"text","value":"+90"}],"start":1741081637297,"stop":1741081637520},{"name":"Benzersiz telefon numarası girildi","status":"passed","stage":"finished","steps":[],"attachments":[],"parameters":[{"name":"text","value":"505303142"}],"start":1741081637520,"stop":1741081637629},{"name":"Şirket ismi girildi","status":"passed","stage":"finished","steps":[],"attachments":[],"parameters":[{"name":"text","value":"Company"}],"start":1741081637629,"stop":1741081637735},{"name":"E-posta adresi girildi","status":"passed","stage":"finished","steps":[],"attachments":[],"parameters":[{"name":"text","value":"v3v75tcj1741081627872@edny.net"}],"start":1741081637735,"stop":1741081637869},{"name":"Ünvan girildi","status":"passed","stage":"finished","steps":[],"attachments":[],"parameters":[{"name":"text","value":"Test Engineer"}],"start":1741081637870,"stop":1741081639246},{"name":"Şifre oluşturuldu","status":"passed","stage":"finished","steps":[],"attachments":[],"parameters":[{"name":"text","value":"Siyah.0699*"}],"start":1741081639246,"stop":1741081639376},{"name":"Oluşturulan şifre tekrar girildi","status":"passed","stage":"finished","steps":[],"attachments":[],"parameters":[{"name":"text","value":"Siyah.0699*"}],"start":1741081639376,"stop":1741081639475},{"name":"Hizmet şartları ve gizlilik politikası okundu","status":"passed","stage":"finished","steps":[],"attachments":[],"parameters":[],"start":1741081639475,"stop":1741081641105},{"name":"Hizmet şartları ve gizlilik politikası onaylandı","status":"passed","stage":"finished","steps":[],"attachments":[],"parameters":[],"start":1741081641105,"stop":1741081642688},{"name":"Bütün form elemanları dolduruldu. Kayıt ol butonuna basıldı. Verify kodu yollandı","status":"passed","stage":"finished","steps":[],"attachments":[{"name":"Screenshot","source":"18d41a86-1423-49c8-a595-63e058fc4671-attachment","type":"image/png"}],"parameters":[],"start":1741081642688,"stop":1741081643140},{"name":"E-posta web tarayıcıda açıldı","status":"passed","stage":"finished","steps":[],"attachments":[],"parameters":[],"start":1741081648368,"stop":1741081650952},{"name":"E-posta giriş sayfası açıldı","status":"passed","stage":"finished","steps":[],"attachments":[{"name":"Screenshot","source":"a9dc0dd1-a30a-4d34-ae0b-4089a08cc28a-attachment","type":"image/png"}],"parameters":[],"start":1741081650952,"stop":1741081654777},{"name":"E-posta alanı girildi","status":"passed","stage":"finished","steps":[],"attachments":[{"name":"Screenshot","source":"ce91cb61-9f96-49b8-b6f8-905704449fd4-attachment","type":"image/png"}],"parameters":[{"name":"text","value":"v3v75tcj1741081627872@edny.net"}],"start":1741081654778,"stop":1741081655310},{"name":"Şifre alanı girildi","status":"passed","stage":"finished","steps":[],"attachments":[{"name":"Screenshot","source":"2a944103-a66d-4d6f-ad26-0aa6b6d963a2-attachment","type":"image/png"}],"parameters":[{"name":"text","value":"Ez5WYCSe"}],"start":1741081655310,"stop":1741081658754},{"name":"Giriş yap butonuna basıldı","status":"passed","stage":"finished","steps":[],"attachments":[],"parameters":[{"name":"text","value":"Ez5WYCSe"}],"start":1741081658755,"stop":1741081659444},{"name":"Doğrulama e-posta alındı","status":"broken","statusDetails":{"known":false,"muted":false,"flaky":false,"message":"invalid session id: session deleted as the browser has closed the connection\nfrom disconnected: not connected to DevTools\n  (Session info: chrome=133.0.6943.142)\nBuild info: version: '4.28.1', revision: '73f5ad48a2'\nSystem info: os.name: 'Windows 11', os.arch: 'amd64', os.version: '10.0', java.version: '21.0.5'\nDriver info: org.openqa.selenium.chrome.ChromeDriver\nCommand: [cdb6420a8194f8ec5c14891a065ca826, findElement {value=//div[contains(@class, 'truncate text-sm font-medium leading-5 text-indigo-600 dark:text-indigo-400')], using=xpath}]\nCapabilities {acceptInsecureCerts: false, browserName: chrome, browserVersion: 133.0.6943.142, chrome: {chromedriverVersion: 133.0.6943.141 (2a5d6da0d61..., userDataDir: C:\\Users\\BURAKS~1\\AppData\\L...}, fedcm:accounts: true, goog:chromeOptions: {debuggerAddress: localhost:49850}, networkConnectionEnabled: false, pageLoadStrategy: normal, platformName: windows, proxy: Proxy(), se:cdp: ws://localhost:49850/devtoo..., se:cdpVersion: 133.0.6943.142, setWindowRect: true, strictFileInteractability: false, timeouts: {implicit: 0, pageLoad: 300000, script: 30000}, unhandledPromptBehavior: dismiss and notify, webauthn:extension:credBlob: true, webauthn:extension:largeBlob: true, webauthn:extension:minPinLength: true, webauthn:extension:prf: true, webauthn:virtualAuthenticators: true}\nSession ID: cdb6420a8194f8ec5c14891a065ca826","trace":"org.openqa.selenium.NoSuchSessionException: invalid session id: session deleted as the browser has closed the connection\nfrom disconnected: not connected to DevTools\n  (Session info: chrome=133.0.6943.142)\nBuild info: version: '4.28.1', revision: '73f5ad48a2'\nSystem info: os.name: 'Windows 11', os.arch: 'amd64', os.version: '10.0', java.version: '21.0.5'\nDriver info: org.openqa.selenium.chrome.ChromeDriver\nCommand: [cdb6420a8194f8ec5c14891a065ca826, findElement {value=//div[contains(@class, 'truncate text-sm font-medium leading-5 text-indigo-600 dark:text-indigo-400')], using=xpath}]\nCapabilities {acceptInsecureCerts: false, browserName: chrome, browserVersion: 133.0.6943.142, chrome: {chromedriverVersion: 133.0.6943.141 (2a5d6da0d61..., userDataDir: C:\\Users\\BURAKS~1\\AppData\\L...}, fedcm:accounts: true, goog:chromeOptions: {debuggerAddress: localhost:49850}, networkConnectionEnabled: false, pageLoadStrategy: normal, platformName: windows, proxy: Proxy(), se:cdp: ws://localhost:49850/devtoo..., se:cdpVersion: 133.0.6943.142, setWindowRect: true, strictFileInteractability: false, timeouts: {implicit: 0, pageLoad: 300000, script: 30000}, unhandledPromptBehavior: dismiss and notify, webauthn:extension:credBlob: true, webauthn:extension:largeBlob: true, webauthn:extension:minPinLength: true, webauthn:extension:prf: true, webauthn:virtualAuthenticators: true}\nSession ID: cdb6420a8194f8ec5c14891a065ca826\r\n\tat java.base/jdk.internal.reflect.DirectConstructorHandleAccessor.newInstance(DirectConstructorHandleAccessor.java:62)\r\n\tat java.base/java.lang.reflect.Constructor.newInstanceWithCaller(Constructor.java:502)\r\n\tat java.base/java.lang.reflect.Constructor.newInstance(Constructor.java:486)\r\n\tat org.openqa.selenium.remote.ErrorCodec.decode(ErrorCodec.java:167)\r\n\tat org.openqa.selenium.remote.codec.w3c.W3CHttpResponseCodec.decode(W3CHttpResponseCodec.java:138)\r\n\tat org.openqa.selenium.remote.codec.w3c.W3CHttpResponseCodec.decode(W3CHttpResponseCodec.java:50)\r\n\tat org.openqa.selenium.remote.HttpCommandExecutor.execute(HttpCommandExecutor.java:215)\r\n\tat org.openqa.selenium.remote.service.DriverCommandExecutor.invokeExecute(DriverCommandExecutor.java:216)\r\n\tat org.openqa.selenium.remote.service.DriverCommandExecutor.execute(DriverCommandExecutor.java:174)\r\n\tat org.openqa.selenium.remote.RemoteWebDriver.execute(RemoteWebDriver.java:545)\r\n\tat org.openqa.selenium.remote.ElementLocation$ElementFinder$2.findElement(ElementLocation.java:165)\r\n\tat org.openqa.selenium.remote.ElementLocation.findElement(ElementLocation.java:59)\r\n\tat org.openqa.selenium.remote.RemoteWebDriver.findElement(RemoteWebDriver.java:368)\r\n\tat org.openqa.selenium.remote.RemoteWebDriver.findElement(RemoteWebDriver.java:362)\r\n\tat org.openqa.selenium.support.ui.ExpectedConditions$7.apply(ExpectedConditions.java:194)\r\n\tat org.openqa.selenium.support.ui.ExpectedConditions$7.apply(ExpectedConditions.java:190)\r\n\tat org.openqa.selenium.support.ui.FluentWait.until(FluentWait.java:203)\r\n\tat pages.MailPage.clickMessage(MailPage.java:88)\r\n\tat PositiveCase.RegisterAndLoginTest(PositiveCase.java:51)\r\n\tat java.base/jdk.internal.reflect.DirectMethodHandleAccessor.invoke(DirectMethodHandleAccessor.java:103)\r\n\tat java.base/java.lang.reflect.Method.invoke(Method.java:580)\r\n\tat org.testng.internal.invokers.MethodInvocationHelper.invokeMethod(MethodInvocationHelper.java:141)\r\n\tat org.testng.internal.invokers.TestInvoker.invokeMethod(TestInvoker.java:686)\r\n\tat org.testng.internal.invokers.TestInvoker.invokeTestMethod(TestInvoker.java:230)\r\n\tat org.testng.internal.invokers.MethodRunner.runInSequence(MethodRunner.java:63)\r\n\tat org.testng.internal.invokers.TestInvoker$MethodInvocationAgent.invoke(TestInvoker.java:992)\r\n\tat org.testng.internal.invokers.TestInvoker.invokeTestMethods(TestInvoker.java:203)\r\n\tat org.testng.internal.invokers.TestMethodWorker.invokeTestMethods(TestMethodWorker.java:154)\r\n\tat org.testng.internal.invokers.TestMethodWorker.run(TestMethodWorker.java:134)\r\n\tat java.base/java.util.ArrayList.forEach(ArrayList.java:1596)\r\n\tat org.testng.TestRunner.privateRun(TestRunner.java:739)\r\n\tat org.testng.TestRunner.run(TestRunner.java:614)\r\n\tat org.testng.SuiteRunner.runTest(SuiteRunner.java:421)\r\n\tat org.testng.SuiteRunner.runSequentially(SuiteRunner.java:413)\r\n\tat org.testng.SuiteRunner.privateRun(SuiteRunner.java:373)\r\n\tat org.testng.SuiteRunner.run(SuiteRunner.java:312)\r\n\tat org.testng.SuiteRunnerWorker.runSuite(SuiteRunnerWorker.java:52)\r\n\tat org.testng.SuiteRunnerWorker.run(SuiteRunnerWorker.java:95)\r\n\tat org.testng.TestNG.runSuitesSequentially(TestNG.java:1274)\r\n\tat org.testng.TestNG.runSuitesLocally(TestNG.java:1208)\r\n\tat org.testng.TestNG.runSuites(TestNG.java:1112)\r\n\tat org.testng.TestNG.run(TestNG.java:1079)\r\n\tat com.intellij.rt.testng.IDEARemoteTestNG.run(IDEARemoteTestNG.java:65)\r\n\tat com.intellij.rt.testng.RemoteTestNGStarter.main(RemoteTestNGStarter.java:105)\r\n"},"stage":"finished","steps":[],"attachments":[],"parameters":[],"start":1741081659444,"stop":1741081668690}],"attachments":[],"parameters":[],"start":1741081637061,"stop":1741081668697}