{"uuid":"6a1cb565-8447-4964-afd7-3963974fe4bc","historyId":"762dfd515a9eb9e65cad589d9aa237db","fullName":"PositiveCase.RegisterAndLoginTest","labels":[{"name":"package","value":"PositiveCase"},{"name":"testClass","value":"PositiveCase"},{"name":"testMethod","value":"RegisterAndLoginTest"},{"name":"parentSuite","value":"Default Suite"},{"name":"suite","value":"QA-Selenium-Test-Automation-Project"},{"name":"subSuite","value":"PositiveCase"},{"name":"host","value":"BURAK"},{"name":"thread","value":"27064@BURAK.main(1)"},{"name":"framework","value":"testng"},{"name":"language","value":"java"}],"links":[],"name":"Başarılı kayıt işleminden sonra başarılı giriş kontrolü","status":"failed","statusDetails":{"known":false,"muted":false,"flaky":false,"message":"Form eksik ya da yanlış dolduruldu","trace":"java.lang.AssertionError: Form eksik ya da yanlış dolduruldu\r\n\tat org.testng.Assert.fail(Assert.java:111)\r\n\tat PositiveCase.RegisterAndLoginTest(PositiveCase.java:67)\r\n\tat java.base/jdk.internal.reflect.DirectMethodHandleAccessor.invoke(DirectMethodHandleAccessor.java:103)\r\n\tat java.base/java.lang.reflect.Method.invoke(Method.java:580)\r\n\tat org.testng.internal.invokers.MethodInvocationHelper.invokeMethod(MethodInvocationHelper.java:141)\r\n\tat org.testng.internal.invokers.TestInvoker.invokeMethod(TestInvoker.java:686)\r\n\tat org.testng.internal.invokers.TestInvoker.invokeTestMethod(TestInvoker.java:230)\r\n\tat org.testng.internal.invokers.MethodRunner.runInSequence(MethodRunner.java:63)\r\n\tat org.testng.internal.invokers.TestInvoker$MethodInvocationAgent.invoke(TestInvoker.java:992)\r\n\tat org.testng.internal.invokers.TestInvoker.invokeTestMethods(TestInvoker.java:203)\r\n\tat org.testng.internal.invokers.TestMethodWorker.invokeTestMethods(TestMethodWorker.java:154)\r\n\tat org.testng.internal.invokers.TestMethodWorker.run(TestMethodWorker.java:134)\r\n\tat java.base/java.util.ArrayList.forEach(ArrayList.java:1596)\r\n\tat org.testng.TestRunner.privateRun(TestRunner.java:739)\r\n\tat org.testng.TestRunner.run(TestRunner.java:614)\r\n\tat org.testng.SuiteRunner.runTest(SuiteRunner.java:421)\r\n\tat org.testng.SuiteRunner.runSequentially(SuiteRunner.java:413)\r\n\tat org.testng.SuiteRunner.privateRun(SuiteRunner.java:373)\r\n\tat org.testng.SuiteRunner.run(SuiteRunner.java:312)\r\n\tat org.testng.SuiteRunnerWorker.runSuite(SuiteRunnerWorker.java:52)\r\n\tat org.testng.SuiteRunnerWorker.run(SuiteRunnerWorker.java:95)\r\n\tat org.testng.TestNG.runSuitesSequentially(TestNG.java:1274)\r\n\tat org.testng.TestNG.runSuitesLocally(TestNG.java:1208)\r\n\tat org.testng.TestNG.runSuites(TestNG.java:1112)\r\n\tat org.testng.TestNG.run(TestNG.java:1079)\r\n\tat com.intellij.rt.testng.IDEARemoteTestNG.run(IDEARemoteTestNG.java:65)\r\n\tat com.intellij.rt.testng.RemoteTestNGStarter.main(RemoteTestNGStarter.java:105)\r\n"},"stage":"finished","steps":[{"name":"First name girildi","status":"passed","stage":"finished","steps":[],"attachments":[],"parameters":[{"name":"text","value":"Burak"}],"start":1741084102008,"stop":1741084102253},{"name":"Last name girildi","status":"passed","stage":"finished","steps":[],"attachments":[],"parameters":[{"name":"text","value":"Salça"}],"start":1741084102255,"stop":1741084102399},{"name":"Telefon için ülke kodu girildi","status":"passed","stage":"finished","steps":[],"attachments":[],"parameters":[{"name":"text","value":"+90"}],"start":1741084102400,"stop":1741084102827},{"name":"Benzersiz telefon numarası girildi","status":"passed","stage":"finished","steps":[],"attachments":[],"parameters":[{"name":"text","value":"505421679"}],"start":1741084102827,"stop":1741084103050},{"name":"Şirket ismi girildi","status":"passed","stage":"finished","steps":[],"attachments":[],"parameters":[{"name":"text","value":"Company"}],"start":1741084103052,"stop":1741084103261},{"name":"E-posta adresi girildi","status":"passed","stage":"finished","steps":[],"attachments":[],"parameters":[{"name":"text","value":"e6G0ppVB1741084092290@edny.net"}],"start":1741084103262,"stop":1741084103599},{"name":"Ünvan girildi","status":"passed","stage":"finished","steps":[],"attachments":[],"parameters":[{"name":"text","value":"Test Engineer"}],"start":1741084103600,"stop":1741084105234},{"name":"Şifre oluşturuldu","status":"passed","stage":"finished","steps":[],"attachments":[],"parameters":[{"name":"text","value":"Siyah.0699*"}],"start":1741084105234,"stop":1741084105359},{"name":"Oluşturulan şifre tekrar girildi","status":"passed","stage":"finished","steps":[],"attachments":[],"parameters":[{"name":"text","value":"Siyah.0699*"}],"start":1741084105359,"stop":1741084105553},{"name":"Hizmet şartları ve gizlilik politikası okundu","status":"passed","stage":"finished","steps":[],"attachments":[],"parameters":[],"start":1741084105555,"stop":1741084107394},{"name":"Hizmet şartları ve gizlilik politikası onaylandı","status":"passed","stage":"finished","steps":[],"attachments":[],"parameters":[],"start":1741084107394,"stop":1741084109085},{"name":"Bütün form elemanları dolduruldu. Kayıt ol butonuna basıldı. Verify kodu yollandı","status":"passed","stage":"finished","steps":[],"attachments":[{"name":"Screenshot","source":"2fd395a4-5f6b-43de-9e08-0eeddf5a62d8-attachment","type":"image/png"}],"parameters":[],"start":1741084109085,"stop":1741084109327},{"name":"E-posta web tarayıcıda açıldı","status":"passed","stage":"finished","steps":[],"attachments":[],"parameters":[],"start":1741084115698,"stop":1741084118483},{"name":"E-posta giriş sayfası açıldı","status":"passed","stage":"finished","steps":[],"attachments":[{"name":"Screenshot","source":"f042ca94-22c1-49ce-af20-6e52dd98e68c-attachment","type":"image/png"}],"parameters":[],"start":1741084118508,"stop":1741084121805},{"name":"E-posta alanı girildi","status":"passed","stage":"finished","steps":[],"attachments":[{"name":"Screenshot","source":"dde9cb28-a020-4b4c-b77e-0022886f96d7-attachment","type":"image/png"}],"parameters":[{"name":"text","value":"e6G0ppVB1741084092290@edny.net"}],"start":1741084121805,"stop":1741084122207},{"name":"Şifre alanı girildi","status":"passed","stage":"finished","steps":[],"attachments":[{"name":"Screenshot","source":"f705bec2-8e66-49cc-987d-386b04f9872f-attachment","type":"image/png"}],"parameters":[{"name":"text","value":"kTwaGER3"}],"start":1741084122207,"stop":1741084125676},{"name":"Giriş yap butonuna basıldı","status":"passed","stage":"finished","steps":[],"attachments":[],"parameters":[{"name":"text","value":"kTwaGER3"}],"start":1741084125677,"stop":1741084126136},{"name":"Doğrulama e-posta alındı","status":"broken","statusDetails":{"known":false,"muted":false,"flaky":false,"message":"Expected condition failed: waiting for visibility of element located by By.xpath: //div[contains(@class, 'truncate text-sm font-medium leading-5 text-indigo-600 dark:text-indigo-400')] (tried for 10 second(s) with 500 milliseconds interval)\nBuild info: version: '4.28.1', revision: '73f5ad48a2'\nSystem info: os.name: 'Windows 11', os.arch: 'amd64', os.version: '10.0', java.version: '21.0.5'\nDriver info: org.openqa.selenium.chrome.ChromeDriver\nCapabilities {acceptInsecureCerts: false, browserName: chrome, browserVersion: 133.0.6943.142, chrome: {chromedriverVersion: 133.0.6943.141 (2a5d6da0d61..., userDataDir: C:\\Users\\BURAKS~1\\AppData\\L...}, fedcm:accounts: true, goog:chromeOptions: {debuggerAddress: localhost:51634}, networkConnectionEnabled: false, pageLoadStrategy: normal, platformName: windows, proxy: Proxy(), se:cdp: ws://localhost:51634/devtoo..., se:cdpVersion: 133.0.6943.142, setWindowRect: true, strictFileInteractability: false, timeouts: {implicit: 0, pageLoad: 300000, script: 30000}, unhandledPromptBehavior: dismiss and notify, webauthn:extension:credBlob: true, webauthn:extension:largeBlob: true, webauthn:extension:minPinLength: true, webauthn:extension:prf: true, webauthn:virtualAuthenticators: true}\nSession ID: 8e7dc089cadeb27e179ac5dbc27321cb","trace":"org.openqa.selenium.TimeoutException: Expected condition failed: waiting for visibility of element located by By.xpath: //div[contains(@class, 'truncate text-sm font-medium leading-5 text-indigo-600 dark:text-indigo-400')] (tried for 10 second(s) with 500 milliseconds interval)\nBuild info: version: '4.28.1', revision: '73f5ad48a2'\nSystem info: os.name: 'Windows 11', os.arch: 'amd64', os.version: '10.0', java.version: '21.0.5'\nDriver info: org.openqa.selenium.chrome.ChromeDriver\nCapabilities {acceptInsecureCerts: false, browserName: chrome, browserVersion: 133.0.6943.142, chrome: {chromedriverVersion: 133.0.6943.141 (2a5d6da0d61..., userDataDir: C:\\Users\\BURAKS~1\\AppData\\L...}, fedcm:accounts: true, goog:chromeOptions: {debuggerAddress: localhost:51634}, networkConnectionEnabled: false, pageLoadStrategy: normal, platformName: windows, proxy: Proxy(), se:cdp: ws://localhost:51634/devtoo..., se:cdpVersion: 133.0.6943.142, setWindowRect: true, strictFileInteractability: false, timeouts: {implicit: 0, pageLoad: 300000, script: 30000}, unhandledPromptBehavior: dismiss and notify, webauthn:extension:credBlob: true, webauthn:extension:largeBlob: true, webauthn:extension:minPinLength: true, webauthn:extension:prf: true, webauthn:virtualAuthenticators: true}\nSession ID: 8e7dc089cadeb27e179ac5dbc27321cb\r\n\tat org.openqa.selenium.support.ui.WebDriverWait.timeoutException(WebDriverWait.java:84)\r\n\tat org.openqa.selenium.support.ui.FluentWait.until(FluentWait.java:228)\r\n\tat pages.MailPage.clickMessage(MailPage.java:88)\r\n\tat PositiveCase.RegisterAndLoginTest(PositiveCase.java:51)\r\n\tat java.base/jdk.internal.reflect.DirectMethodHandleAccessor.invoke(DirectMethodHandleAccessor.java:103)\r\n\tat java.base/java.lang.reflect.Method.invoke(Method.java:580)\r\n\tat org.testng.internal.invokers.MethodInvocationHelper.invokeMethod(MethodInvocationHelper.java:141)\r\n\tat org.testng.internal.invokers.TestInvoker.invokeMethod(TestInvoker.java:686)\r\n\tat org.testng.internal.invokers.TestInvoker.invokeTestMethod(TestInvoker.java:230)\r\n\tat org.testng.internal.invokers.MethodRunner.runInSequence(MethodRunner.java:63)\r\n\tat org.testng.internal.invokers.TestInvoker$MethodInvocationAgent.invoke(TestInvoker.java:992)\r\n\tat org.testng.internal.invokers.TestInvoker.invokeTestMethods(TestInvoker.java:203)\r\n\tat org.testng.internal.invokers.TestMethodWorker.invokeTestMethods(TestMethodWorker.java:154)\r\n\tat org.testng.internal.invokers.TestMethodWorker.run(TestMethodWorker.java:134)\r\n\tat java.base/java.util.ArrayList.forEach(ArrayList.java:1596)\r\n\tat org.testng.TestRunner.privateRun(TestRunner.java:739)\r\n\tat org.testng.TestRunner.run(TestRunner.java:614)\r\n\tat org.testng.SuiteRunner.runTest(SuiteRunner.java:421)\r\n\tat org.testng.SuiteRunner.runSequentially(SuiteRunner.java:413)\r\n\tat org.testng.SuiteRunner.privateRun(SuiteRunner.java:373)\r\n\tat org.testng.SuiteRunner.run(SuiteRunner.java:312)\r\n\tat org.testng.SuiteRunnerWorker.runSuite(SuiteRunnerWorker.java:52)\r\n\tat org.testng.SuiteRunnerWorker.run(SuiteRunnerWorker.java:95)\r\n\tat org.testng.TestNG.runSuitesSequentially(TestNG.java:1274)\r\n\tat org.testng.TestNG.runSuitesLocally(TestNG.java:1208)\r\n\tat org.testng.TestNG.runSuites(TestNG.java:1112)\r\n\tat org.testng.TestNG.run(TestNG.java:1079)\r\n\tat com.intellij.rt.testng.IDEARemoteTestNG.run(IDEARemoteTestNG.java:65)\r\n\tat com.intellij.rt.testng.RemoteTestNGStarter.main(RemoteTestNGStarter.java:105)\r\n"},"stage":"finished","steps":[],"attachments":[],"parameters":[],"start":1741084126136,"stop":1741084136225}],"attachments":[],"parameters":[],"start":1741084101923,"stop":1741084136232}