{"uuid":"80a46c55-8153-4375-9f51-cc60f089e765","historyId":"762dfd515a9eb9e65cad589d9aa237db","fullName":"PositiveCase.RegisterAndLoginTest","labels":[{"name":"package","value":"PositiveCase"},{"name":"testClass","value":"PositiveCase"},{"name":"testMethod","value":"RegisterAndLoginTest"},{"name":"parentSuite","value":"Default Suite"},{"name":"suite","value":"QA-Selenium-Test-Automation-Project"},{"name":"subSuite","value":"PositiveCase"},{"name":"host","value":"BURAK"},{"name":"thread","value":"12504@BURAK.main(1)"},{"name":"framework","value":"testng"},{"name":"language","value":"java"}],"links":[],"name":"Başarılı kayıt işleminden sonra başarılı giriş kontrolü","status":"failed","statusDetails":{"known":false,"muted":false,"flaky":false,"message":"Form eksik ya da yanlış dolduruldu","trace":"java.lang.AssertionError: Form eksik ya da yanlış dolduruldu\r\n\tat org.testng.Assert.fail(Assert.java:111)\r\n\tat PositiveCase.RegisterAndLoginTest(PositiveCase.java:67)\r\n\tat java.base/jdk.internal.reflect.DirectMethodHandleAccessor.invoke(DirectMethodHandleAccessor.java:103)\r\n\tat java.base/java.lang.reflect.Method.invoke(Method.java:580)\r\n\tat org.testng.internal.invokers.MethodInvocationHelper.invokeMethod(MethodInvocationHelper.java:141)\r\n\tat org.testng.internal.invokers.TestInvoker.invokeMethod(TestInvoker.java:686)\r\n\tat org.testng.internal.invokers.TestInvoker.invokeTestMethod(TestInvoker.java:230)\r\n\tat org.testng.internal.invokers.MethodRunner.runInSequence(MethodRunner.java:63)\r\n\tat org.testng.internal.invokers.TestInvoker$MethodInvocationAgent.invoke(TestInvoker.java:992)\r\n\tat org.testng.internal.invokers.TestInvoker.invokeTestMethods(TestInvoker.java:203)\r\n\tat org.testng.internal.invokers.TestMethodWorker.invokeTestMethods(TestMethodWorker.java:154)\r\n\tat org.testng.internal.invokers.TestMethodWorker.run(TestMethodWorker.java:134)\r\n\tat java.base/java.util.ArrayList.forEach(ArrayList.java:1596)\r\n\tat org.testng.TestRunner.privateRun(TestRunner.java:739)\r\n\tat org.testng.TestRunner.run(TestRunner.java:614)\r\n\tat org.testng.SuiteRunner.runTest(SuiteRunner.java:421)\r\n\tat org.testng.SuiteRunner.runSequentially(SuiteRunner.java:413)\r\n\tat org.testng.SuiteRunner.privateRun(SuiteRunner.java:373)\r\n\tat org.testng.SuiteRunner.run(SuiteRunner.java:312)\r\n\tat org.testng.SuiteRunnerWorker.runSuite(SuiteRunnerWorker.java:52)\r\n\tat org.testng.SuiteRunnerWorker.run(SuiteRunnerWorker.java:95)\r\n\tat org.testng.TestNG.runSuitesSequentially(TestNG.java:1274)\r\n\tat org.testng.TestNG.runSuitesLocally(TestNG.java:1208)\r\n\tat org.testng.TestNG.runSuites(TestNG.java:1112)\r\n\tat org.testng.TestNG.run(TestNG.java:1079)\r\n\tat com.intellij.rt.testng.IDEARemoteTestNG.run(IDEARemoteTestNG.java:65)\r\n\tat com.intellij.rt.testng.RemoteTestNGStarter.main(RemoteTestNGStarter.java:105)\r\n"},"stage":"finished","steps":[{"name":"First name girildi","status":"passed","stage":"finished","steps":[],"attachments":[],"parameters":[{"name":"text","value":"Burak"}],"start":1741081429538,"stop":1741081429646},{"name":"Last name girildi","status":"passed","stage":"finished","steps":[],"attachments":[],"parameters":[{"name":"text","value":"Salça"}],"start":1741081429647,"stop":1741081429713},{"name":"Telefon için ülke kodu girildi","status":"passed","stage":"finished","steps":[],"attachments":[],"parameters":[{"name":"text","value":"+90"}],"start":1741081429715,"stop":1741081429923},{"name":"Benzersiz telefon numarası girildi","status":"passed","stage":"finished","steps":[],"attachments":[],"parameters":[{"name":"text","value":"505925535"}],"start":1741081429925,"stop":1741081430009},{"name":"Şirket ismi girildi","status":"passed","stage":"finished","steps":[],"attachments":[],"parameters":[{"name":"text","value":"Company"}],"start":1741081430009,"stop":1741081430089},{"name":"E-posta adresi girildi","status":"passed","stage":"finished","steps":[],"attachments":[],"parameters":[{"name":"text","value":"bbyYMbYk1741081420440@edny.net"}],"start":1741081430089,"stop":1741081430213},{"name":"Ünvan girildi","status":"passed","stage":"finished","steps":[],"attachments":[],"parameters":[{"name":"text","value":"Test Engineer"}],"start":1741081430214,"stop":1741081431466},{"name":"Şifre oluşturuldu","status":"passed","stage":"finished","steps":[],"attachments":[],"parameters":[{"name":"text","value":"Siyah.0699*"}],"start":1741081431466,"stop":1741081431552},{"name":"Oluşturulan şifre tekrar girildi","status":"passed","stage":"finished","steps":[],"attachments":[],"parameters":[{"name":"text","value":"Siyah.0699*"}],"start":1741081431552,"stop":1741081431649},{"name":"Hizmet şartları ve gizlilik politikası okundu","status":"passed","stage":"finished","steps":[],"attachments":[],"parameters":[],"start":1741081431650,"stop":1741081433261},{"name":"Hizmet şartları ve gizlilik politikası onaylandı","status":"passed","stage":"finished","steps":[],"attachments":[],"parameters":[],"start":1741081433262,"stop":1741081434882},{"name":"Bütün form elemanları dolduruldu. Kayıt ol butonuna basıldı. Verify kodu yollandı","status":"passed","stage":"finished","steps":[],"attachments":[{"name":"Screenshot","source":"97700302-6e8d-4d09-80a8-9d5315aead5b-attachment","type":"image/png"}],"parameters":[],"start":1741081434882,"stop":1741081435306},{"name":"E-posta web tarayıcıda açıldı","status":"passed","stage":"finished","steps":[],"attachments":[],"parameters":[],"start":1741081441109,"stop":1741081443572},{"name":"E-posta giriş sayfası açıldı","status":"passed","stage":"finished","steps":[],"attachments":[{"name":"Screenshot","source":"a7185d63-ea54-45c6-ae3a-33a482daae35-attachment","type":"image/png"}],"parameters":[],"start":1741081443572,"stop":1741081445513},{"name":"E-posta alanı girildi","status":"passed","stage":"finished","steps":[],"attachments":[{"name":"Screenshot","source":"2d8b1846-5616-4e34-9c8b-e5615c92fbe2-attachment","type":"image/png"}],"parameters":[{"name":"text","value":"bbyYMbYk1741081420440@edny.net"}],"start":1741081445513,"stop":1741081446471},{"name":"Şifre alanı girildi","status":"passed","stage":"finished","steps":[],"attachments":[{"name":"Screenshot","source":"bc4b4fbc-7c27-4b70-a23d-db2928aa9d66-attachment","type":"image/png"}],"parameters":[{"name":"text","value":"bPYBwoZq"}],"start":1741081446472,"stop":1741081450898},{"name":"Giriş yap butonuna basıldı","status":"passed","stage":"finished","steps":[],"attachments":[],"parameters":[{"name":"text","value":"bPYBwoZq"}],"start":1741081450898,"stop":1741081451248},{"name":"Doğrulama e-posta alındı","status":"broken","statusDetails":{"known":false,"muted":false,"flaky":false,"message":"Expected condition failed: waiting for visibility of element located by By.xpath: //div[contains(@class, 'truncate text-sm font-medium leading-5 text-indigo-600 dark:text-indigo-400')] (tried for 10 second(s) with 500 milliseconds interval)\nBuild info: version: '4.28.1', revision: '73f5ad48a2'\nSystem info: os.name: 'Windows 11', os.arch: 'amd64', os.version: '10.0', java.version: '21.0.5'\nDriver info: org.openqa.selenium.chrome.ChromeDriver\nCapabilities {acceptInsecureCerts: false, browserName: chrome, browserVersion: 133.0.6943.142, chrome: {chromedriverVersion: 133.0.6943.141 (2a5d6da0d61..., userDataDir: C:\\Users\\BURAKS~1\\AppData\\L...}, fedcm:accounts: true, goog:chromeOptions: {debuggerAddress: localhost:64392}, networkConnectionEnabled: false, pageLoadStrategy: normal, platformName: windows, proxy: Proxy(), se:cdp: ws://localhost:64392/devtoo..., se:cdpVersion: 133.0.6943.142, setWindowRect: true, strictFileInteractability: false, timeouts: {implicit: 0, pageLoad: 300000, script: 30000}, unhandledPromptBehavior: dismiss and notify, webauthn:extension:credBlob: true, webauthn:extension:largeBlob: true, webauthn:extension:minPinLength: true, webauthn:extension:prf: true, webauthn:virtualAuthenticators: true}\nSession ID: 486554aac8e3bbfc96cd3239bff9955d","trace":"org.openqa.selenium.TimeoutException: Expected condition failed: waiting for visibility of element located by By.xpath: //div[contains(@class, 'truncate text-sm font-medium leading-5 text-indigo-600 dark:text-indigo-400')] (tried for 10 second(s) with 500 milliseconds interval)\nBuild info: version: '4.28.1', revision: '73f5ad48a2'\nSystem info: os.name: 'Windows 11', os.arch: 'amd64', os.version: '10.0', java.version: '21.0.5'\nDriver info: org.openqa.selenium.chrome.ChromeDriver\nCapabilities {acceptInsecureCerts: false, browserName: chrome, browserVersion: 133.0.6943.142, chrome: {chromedriverVersion: 133.0.6943.141 (2a5d6da0d61..., userDataDir: C:\\Users\\BURAKS~1\\AppData\\L...}, fedcm:accounts: true, goog:chromeOptions: {debuggerAddress: localhost:64392}, networkConnectionEnabled: false, pageLoadStrategy: normal, platformName: windows, proxy: Proxy(), se:cdp: ws://localhost:64392/devtoo..., se:cdpVersion: 133.0.6943.142, setWindowRect: true, strictFileInteractability: false, timeouts: {implicit: 0, pageLoad: 300000, script: 30000}, unhandledPromptBehavior: dismiss and notify, webauthn:extension:credBlob: true, webauthn:extension:largeBlob: true, webauthn:extension:minPinLength: true, webauthn:extension:prf: true, webauthn:virtualAuthenticators: true}\nSession ID: 486554aac8e3bbfc96cd3239bff9955d\r\n\tat org.openqa.selenium.support.ui.WebDriverWait.timeoutException(WebDriverWait.java:84)\r\n\tat org.openqa.selenium.support.ui.FluentWait.until(FluentWait.java:228)\r\n\tat pages.MailPage.clickMessage(MailPage.java:88)\r\n\tat PositiveCase.RegisterAndLoginTest(PositiveCase.java:51)\r\n\tat java.base/jdk.internal.reflect.DirectMethodHandleAccessor.invoke(DirectMethodHandleAccessor.java:103)\r\n\tat java.base/java.lang.reflect.Method.invoke(Method.java:580)\r\n\tat org.testng.internal.invokers.MethodInvocationHelper.invokeMethod(MethodInvocationHelper.java:141)\r\n\tat org.testng.internal.invokers.TestInvoker.invokeMethod(TestInvoker.java:686)\r\n\tat org.testng.internal.invokers.TestInvoker.invokeTestMethod(TestInvoker.java:230)\r\n\tat org.testng.internal.invokers.MethodRunner.runInSequence(MethodRunner.java:63)\r\n\tat org.testng.internal.invokers.TestInvoker$MethodInvocationAgent.invoke(TestInvoker.java:992)\r\n\tat org.testng.internal.invokers.TestInvoker.invokeTestMethods(TestInvoker.java:203)\r\n\tat org.testng.internal.invokers.TestMethodWorker.invokeTestMethods(TestMethodWorker.java:154)\r\n\tat org.testng.internal.invokers.TestMethodWorker.run(TestMethodWorker.java:134)\r\n\tat java.base/java.util.ArrayList.forEach(ArrayList.java:1596)\r\n\tat org.testng.TestRunner.privateRun(TestRunner.java:739)\r\n\tat org.testng.TestRunner.run(TestRunner.java:614)\r\n\tat org.testng.SuiteRunner.runTest(SuiteRunner.java:421)\r\n\tat org.testng.SuiteRunner.runSequentially(SuiteRunner.java:413)\r\n\tat org.testng.SuiteRunner.privateRun(SuiteRunner.java:373)\r\n\tat org.testng.SuiteRunner.run(SuiteRunner.java:312)\r\n\tat org.testng.SuiteRunnerWorker.runSuite(SuiteRunnerWorker.java:52)\r\n\tat org.testng.SuiteRunnerWorker.run(SuiteRunnerWorker.java:95)\r\n\tat org.testng.TestNG.runSuitesSequentially(TestNG.java:1274)\r\n\tat org.testng.TestNG.runSuitesLocally(TestNG.java:1208)\r\n\tat org.testng.TestNG.runSuites(TestNG.java:1112)\r\n\tat org.testng.TestNG.run(TestNG.java:1079)\r\n\tat com.intellij.rt.testng.IDEARemoteTestNG.run(IDEARemoteTestNG.java:65)\r\n\tat com.intellij.rt.testng.RemoteTestNGStarter.main(RemoteTestNGStarter.java:105)\r\n"},"stage":"finished","steps":[],"attachments":[],"parameters":[],"start":1741081451248,"stop":1741081461319}],"attachments":[],"parameters":[],"start":1741081429518,"stop":1741081461325}