{"uuid":"dc1c8912-35a7-40c0-88c5-9ad1917c6fb7","historyId":"762dfd515a9eb9e65cad589d9aa237db","fullName":"PositiveCase.RegisterAndLoginTest","labels":[{"name":"package","value":"PositiveCase"},{"name":"testClass","value":"PositiveCase"},{"name":"testMethod","value":"RegisterAndLoginTest"},{"name":"parentSuite","value":"Default Suite"},{"name":"suite","value":"QA-Selenium-Test-Automation-Project"},{"name":"subSuite","value":"PositiveCase"},{"name":"host","value":"BURAK"},{"name":"thread","value":"24472@BURAK.main(1)"},{"name":"framework","value":"testng"},{"name":"language","value":"java"}],"links":[],"name":"Başarılı kayıt işleminden sonra başarılı giriş kontrolü","status":"failed","statusDetails":{"known":false,"muted":false,"flaky":false,"message":"Form eksik ya da yanlış dolduruldu","trace":"java.lang.AssertionError: Form eksik ya da yanlış dolduruldu\r\n\tat org.testng.Assert.fail(Assert.java:111)\r\n\tat PositiveCase.RegisterAndLoginTest(PositiveCase.java:67)\r\n\tat java.base/jdk.internal.reflect.DirectMethodHandleAccessor.invoke(DirectMethodHandleAccessor.java:103)\r\n\tat java.base/java.lang.reflect.Method.invoke(Method.java:580)\r\n\tat org.testng.internal.invokers.MethodInvocationHelper.invokeMethod(MethodInvocationHelper.java:141)\r\n\tat org.testng.internal.invokers.TestInvoker.invokeMethod(TestInvoker.java:686)\r\n\tat org.testng.internal.invokers.TestInvoker.invokeTestMethod(TestInvoker.java:230)\r\n\tat org.testng.internal.invokers.MethodRunner.runInSequence(MethodRunner.java:63)\r\n\tat org.testng.internal.invokers.TestInvoker$MethodInvocationAgent.invoke(TestInvoker.java:992)\r\n\tat org.testng.internal.invokers.TestInvoker.invokeTestMethods(TestInvoker.java:203)\r\n\tat org.testng.internal.invokers.TestMethodWorker.invokeTestMethods(TestMethodWorker.java:154)\r\n\tat org.testng.internal.invokers.TestMethodWorker.run(TestMethodWorker.java:134)\r\n\tat java.base/java.util.ArrayList.forEach(ArrayList.java:1596)\r\n\tat org.testng.TestRunner.privateRun(TestRunner.java:739)\r\n\tat org.testng.TestRunner.run(TestRunner.java:614)\r\n\tat org.testng.SuiteRunner.runTest(SuiteRunner.java:421)\r\n\tat org.testng.SuiteRunner.runSequentially(SuiteRunner.java:413)\r\n\tat org.testng.SuiteRunner.privateRun(SuiteRunner.java:373)\r\n\tat org.testng.SuiteRunner.run(SuiteRunner.java:312)\r\n\tat org.testng.SuiteRunnerWorker.runSuite(SuiteRunnerWorker.java:52)\r\n\tat org.testng.SuiteRunnerWorker.run(SuiteRunnerWorker.java:95)\r\n\tat org.testng.TestNG.runSuitesSequentially(TestNG.java:1274)\r\n\tat org.testng.TestNG.runSuitesLocally(TestNG.java:1208)\r\n\tat org.testng.TestNG.runSuites(TestNG.java:1112)\r\n\tat org.testng.TestNG.run(TestNG.java:1079)\r\n\tat com.intellij.rt.testng.IDEARemoteTestNG.run(IDEARemoteTestNG.java:65)\r\n\tat com.intellij.rt.testng.RemoteTestNGStarter.main(RemoteTestNGStarter.java:105)\r\n"},"stage":"finished","steps":[{"name":"First name girildi","status":"passed","stage":"finished","steps":[],"attachments":[],"parameters":[{"name":"text","value":"Burak"}],"start":1741081532664,"stop":1741081532884},{"name":"Last name girildi","status":"passed","stage":"finished","steps":[],"attachments":[],"parameters":[{"name":"text","value":"Salça"}],"start":1741081532884,"stop":1741081532990},{"name":"Telefon için ülke kodu girildi","status":"passed","stage":"finished","steps":[],"attachments":[],"parameters":[{"name":"text","value":"+90"}],"start":1741081532990,"stop":1741081533375},{"name":"Benzersiz telefon numarası girildi","status":"passed","stage":"finished","steps":[],"attachments":[],"parameters":[{"name":"text","value":"505999476"}],"start":1741081533375,"stop":1741081533521},{"name":"Şirket ismi girildi","status":"passed","stage":"finished","steps":[],"attachments":[],"parameters":[{"name":"text","value":"Company"}],"start":1741081533522,"stop":1741081533619},{"name":"E-posta adresi girildi","status":"passed","stage":"finished","steps":[],"attachments":[],"parameters":[{"name":"text","value":"bSKxN77v1741081522893@edny.net"}],"start":1741081533619,"stop":1741081533785},{"name":"Ünvan girildi","status":"passed","stage":"finished","steps":[],"attachments":[],"parameters":[{"name":"text","value":"Test Engineer"}],"start":1741081533786,"stop":1741081535633},{"name":"Şifre oluşturuldu","status":"passed","stage":"finished","steps":[],"attachments":[],"parameters":[{"name":"text","value":"Siyah.0699*"}],"start":1741081535633,"stop":1741081535742},{"name":"Oluşturulan şifre tekrar girildi","status":"passed","stage":"finished","steps":[],"attachments":[],"parameters":[{"name":"text","value":"Siyah.0699*"}],"start":1741081535742,"stop":1741081535843},{"name":"Hizmet şartları ve gizlilik politikası okundu","status":"passed","stage":"finished","steps":[],"attachments":[],"parameters":[],"start":1741081535843,"stop":1741081537466},{"name":"Hizmet şartları ve gizlilik politikası onaylandı","status":"passed","stage":"finished","steps":[],"attachments":[],"parameters":[],"start":1741081537466,"stop":1741081539051},{"name":"Bütün form elemanları dolduruldu. Kayıt ol butonuna basıldı. Verify kodu yollandı","status":"passed","stage":"finished","steps":[],"attachments":[{"name":"Screenshot","source":"8fcb3bd3-c0b1-4715-8a3b-d2963f93fca4-attachment","type":"image/png"}],"parameters":[],"start":1741081539051,"stop":1741081539379},{"name":"E-posta web tarayıcıda açıldı","status":"passed","stage":"finished","steps":[],"attachments":[],"parameters":[],"start":1741081546681,"stop":1741081549097},{"name":"E-posta giriş sayfası açıldı","status":"passed","stage":"finished","steps":[],"attachments":[{"name":"Screenshot","source":"8c9faf5b-a5e9-40dd-9574-ed81f4f8593d-attachment","type":"image/png"}],"parameters":[],"start":1741081549098,"stop":1741081550947},{"name":"E-posta alanı girildi","status":"passed","stage":"finished","steps":[],"attachments":[{"name":"Screenshot","source":"39b9fc5b-ce59-4446-a5e2-5c416bb9fd83-attachment","type":"image/png"}],"parameters":[{"name":"text","value":"bSKxN77v1741081522893@edny.net"}],"start":1741081550948,"stop":1741081551380},{"name":"Şifre alanı girildi","status":"passed","stage":"finished","steps":[],"attachments":[{"name":"Screenshot","source":"d3a9f036-f949-4a37-ba8f-59a3a9d0c180-attachment","type":"image/png"}],"parameters":[{"name":"text","value":"g5zqQzcy"}],"start":1741081551380,"stop":1741081554700},{"name":"Giriş yap butonuna basıldı","status":"passed","stage":"finished","steps":[],"attachments":[],"parameters":[{"name":"text","value":"g5zqQzcy"}],"start":1741081554700,"stop":1741081554848},{"name":"Doğrulama e-posta alındı","status":"broken","statusDetails":{"known":false,"muted":false,"flaky":false,"message":"Expected condition failed: waiting for visibility of element located by By.xpath: //div[contains(@class, 'truncate text-sm font-medium leading-5 text-indigo-600 dark:text-indigo-400')] (tried for 10 second(s) with 500 milliseconds interval)\nBuild info: version: '4.28.1', revision: '73f5ad48a2'\nSystem info: os.name: 'Windows 11', os.arch: 'amd64', os.version: '10.0', java.version: '21.0.5'\nDriver info: org.openqa.selenium.chrome.ChromeDriver\nCapabilities {acceptInsecureCerts: false, browserName: chrome, browserVersion: 133.0.6943.142, chrome: {chromedriverVersion: 133.0.6943.141 (2a5d6da0d61..., userDataDir: C:\\Users\\BURAKS~1\\AppData\\L...}, fedcm:accounts: true, goog:chromeOptions: {debuggerAddress: localhost:49246}, networkConnectionEnabled: false, pageLoadStrategy: normal, platformName: windows, proxy: Proxy(), se:cdp: ws://localhost:49246/devtoo..., se:cdpVersion: 133.0.6943.142, setWindowRect: true, strictFileInteractability: false, timeouts: {implicit: 0, pageLoad: 300000, script: 30000}, unhandledPromptBehavior: dismiss and notify, webauthn:extension:credBlob: true, webauthn:extension:largeBlob: true, webauthn:extension:minPinLength: true, webauthn:extension:prf: true, webauthn:virtualAuthenticators: true}\nSession ID: a047e8d20a850a65c5f7962c30232247","trace":"org.openqa.selenium.TimeoutException: Expected condition failed: waiting for visibility of element located by By.xpath: //div[contains(@class, 'truncate text-sm font-medium leading-5 text-indigo-600 dark:text-indigo-400')] (tried for 10 second(s) with 500 milliseconds interval)\nBuild info: version: '4.28.1', revision: '73f5ad48a2'\nSystem info: os.name: 'Windows 11', os.arch: 'amd64', os.version: '10.0', java.version: '21.0.5'\nDriver info: org.openqa.selenium.chrome.ChromeDriver\nCapabilities {acceptInsecureCerts: false, browserName: chrome, browserVersion: 133.0.6943.142, chrome: {chromedriverVersion: 133.0.6943.141 (2a5d6da0d61..., userDataDir: C:\\Users\\BURAKS~1\\AppData\\L...}, fedcm:accounts: true, goog:chromeOptions: {debuggerAddress: localhost:49246}, networkConnectionEnabled: false, pageLoadStrategy: normal, platformName: windows, proxy: Proxy(), se:cdp: ws://localhost:49246/devtoo..., se:cdpVersion: 133.0.6943.142, setWindowRect: true, strictFileInteractability: false, timeouts: {implicit: 0, pageLoad: 300000, script: 30000}, unhandledPromptBehavior: dismiss and notify, webauthn:extension:credBlob: true, webauthn:extension:largeBlob: true, webauthn:extension:minPinLength: true, webauthn:extension:prf: true, webauthn:virtualAuthenticators: true}\nSession ID: a047e8d20a850a65c5f7962c30232247\r\n\tat org.openqa.selenium.support.ui.WebDriverWait.timeoutException(WebDriverWait.java:84)\r\n\tat org.openqa.selenium.support.ui.FluentWait.until(FluentWait.java:228)\r\n\tat pages.MailPage.clickMessage(MailPage.java:88)\r\n\tat PositiveCase.RegisterAndLoginTest(PositiveCase.java:51)\r\n\tat java.base/jdk.internal.reflect.DirectMethodHandleAccessor.invoke(DirectMethodHandleAccessor.java:103)\r\n\tat java.base/java.lang.reflect.Method.invoke(Method.java:580)\r\n\tat org.testng.internal.invokers.MethodInvocationHelper.invokeMethod(MethodInvocationHelper.java:141)\r\n\tat org.testng.internal.invokers.TestInvoker.invokeMethod(TestInvoker.java:686)\r\n\tat org.testng.internal.invokers.TestInvoker.invokeTestMethod(TestInvoker.java:230)\r\n\tat org.testng.internal.invokers.MethodRunner.runInSequence(MethodRunner.java:63)\r\n\tat org.testng.internal.invokers.TestInvoker$MethodInvocationAgent.invoke(TestInvoker.java:992)\r\n\tat org.testng.internal.invokers.TestInvoker.invokeTestMethods(TestInvoker.java:203)\r\n\tat org.testng.internal.invokers.TestMethodWorker.invokeTestMethods(TestMethodWorker.java:154)\r\n\tat org.testng.internal.invokers.TestMethodWorker.run(TestMethodWorker.java:134)\r\n\tat java.base/java.util.ArrayList.forEach(ArrayList.java:1596)\r\n\tat org.testng.TestRunner.privateRun(TestRunner.java:739)\r\n\tat org.testng.TestRunner.run(TestRunner.java:614)\r\n\tat org.testng.SuiteRunner.runTest(SuiteRunner.java:421)\r\n\tat org.testng.SuiteRunner.runSequentially(SuiteRunner.java:413)\r\n\tat org.testng.SuiteRunner.privateRun(SuiteRunner.java:373)\r\n\tat org.testng.SuiteRunner.run(SuiteRunner.java:312)\r\n\tat org.testng.SuiteRunnerWorker.runSuite(SuiteRunnerWorker.java:52)\r\n\tat org.testng.SuiteRunnerWorker.run(SuiteRunnerWorker.java:95)\r\n\tat org.testng.TestNG.runSuitesSequentially(TestNG.java:1274)\r\n\tat org.testng.TestNG.runSuitesLocally(TestNG.java:1208)\r\n\tat org.testng.TestNG.runSuites(TestNG.java:1112)\r\n\tat org.testng.TestNG.run(TestNG.java:1079)\r\n\tat com.intellij.rt.testng.IDEARemoteTestNG.run(IDEARemoteTestNG.java:65)\r\n\tat com.intellij.rt.testng.RemoteTestNGStarter.main(RemoteTestNGStarter.java:105)\r\n"},"stage":"finished","steps":[],"attachments":[],"parameters":[],"start":1741081554848,"stop":1741081565363}],"attachments":[],"parameters":[],"start":1741081532637,"stop":1741081565369}